[2023-08-21 01:15:10.739] [info] Using configuration file /home/nimitz/.config/waybar/config.jsonc
[2023-08-21 01:15:10.739] [info] Using CSS file /home/nimitz/.config/waybar/style.css
[2023-08-21 01:15:10.740] [error] style.css:143:21unknown value for property
[2023-08-21 03:15:57.002] [info] Using configuration file /home/nimitz/.config/waybar/config.jsonc
[2023-08-21 03:15:57.003] [info] Using CSS file /home/nimitz/.config/waybar/style.css
[2023-08-21 03:15:57.013] [warning] module wlr/mode: Unknown module: wlr/mode
[2023-08-21 03:15:57.013] [warning] module wlr/scratchpad: Unknown module: wlr/scratchpad
[2023-08-21 03:15:57.013] [info] Hyprland IPC starting
[2023-08-21 03:15:57.035] [warning] module wlr/language: Unknown module: wlr/language
[2023-08-21 03:15:57.229] [info] Bar configured (width: 1920, height: 30) for output: eDP-1
ping: wttr.in: Temporary failure in name resolution
ping: wttr.in: Temporary failure in name resolution
[2023-08-21 05:57:45.144] [info] Using configuration file /home/nimitz/.config/waybar/config.jsonc
[2023-08-21 05:57:45.145] [info] Using CSS file /home/nimitz/.config/waybar/style.css
[2023-08-21 05:57:45.152] [warning] module wlr/mode: Unknown module: wlr/mode
[2023-08-21 05:57:45.152] [warning] module wlr/scratchpad: Unknown module: wlr/scratchpad
[2023-08-21 05:57:45.153] [info] Hyprland IPC starting
[2023-08-21 05:57:45.173] [warning] module wlr/language: Unknown module: wlr/language
[2023-08-21 05:57:45.350] [info] Bar configured (width: 1920, height: 30) for output: eDP-1
[233 05:57:50.233302] [glfw error 65544]: process_desktop_settings: failed with error: [org.freedesktop.DBus.Error.UnknownMethod] No such interface “org.freedesktop.portal.Settings” on object at path /org/freedesktop/portal/desktop
[233 05:57:50.698040] [glfw error 65544]: process_desktop_settings: failed with error: [org.freedesktop.DBus.Error.UnknownMethod] No such interface “org.freedesktop.portal.Settings” on object at path /org/freedesktop/portal/desktop
